c:\users\danny\source\repos\chap5\chap5\debug\vc142.pdb
c:\users\danny\source\repos\chap5\chap5\debug\vc142.idb
c:\users\danny\source\repos\chap5\chap5\debug\glad.obj
c:\users\danny\source\repos\chap5\chap5\debug\trianglemesh.obj
c:\users\danny\source\repos\chap5\chap5\debug\torus.obj
c:\users\danny\source\repos\chap5\chap5\debug\teapot.obj
c:\users\danny\source\repos\chap5\chap5\debug\sphere.obj
c:\users\danny\source\repos\chap5\chap5\debug\plane.obj
c:\users\danny\source\repos\chap5\chap5\debug\objmesh.obj
c:\users\danny\source\repos\chap5\chap5\debug\cube.obj
c:\users\danny\source\repos\chap5\chap5\debug\scenetonemap.obj
c:\users\danny\source\repos\chap5\chap5\debug\sceneoit.obj
c:\users\danny\source\repos\chap5\chap5\debug\scenemsaa.obj
c:\users\danny\source\repos\chap5\chap5\debug\scenehdrbloom.obj
c:\users\danny\source\repos\chap5\chap5\debug\scenegamma.obj
c:\users\danny\source\repos\chap5\chap5\debug\sceneedge.obj
c:\users\danny\source\repos\chap5\chap5\debug\scenedeferred.obj
c:\users\danny\source\repos\chap5\chap5\debug\sceneblur.obj
c:\users\danny\source\repos\chap5\chap5\debug\main.obj
c:\users\danny\source\repos\chap5\chap5\debug\glutils.obj
c:\users\danny\source\repos\chap5\chap5\debug\glslprogram.obj
c:\users\danny\source\repos\chap5\chap5\debug\chap5.obj
c:\users\danny\source\repos\chap5\debug\chap5.ilk
c:\users\danny\source\repos\chap5\debug\chap5.exe
c:\users\danny\source\repos\chap5\debug\chap5.pdb
c:\users\danny\source\repos\chap5\chap5\debug\chap5.tlog\cl.command.1.tlog
c:\users\danny\source\repos\chap5\chap5\debug\chap5.tlog\cl.read.1.tlog
c:\users\danny\source\repos\chap5\chap5\debug\chap5.tlog\cl.write.1.tlog
c:\users\danny\source\repos\chap5\chap5\debug\chap5.tlog\link.command.1.tlog
c:\users\danny\source\repos\chap5\chap5\debug\chap5.tlog\link.read.1.tlog
c:\users\danny\source\repos\chap5\chap5\debug\chap5.tlog\link.write.1.tlog
